0 info it worked if it ends with ok
1 verbose cli [ '/Users/luantran/.nvm/versions/node/v6.15.1/bin/node',
1 verbose cli   '/Users/luantran/.nvm/versions/node/v6.15.1/bin/npm',
1 verbose cli   'start' ]
2 info using npm@3.10.10
3 info using node@v6.15.1
4 verbose run-script [ 'prestart', 'start', 'poststart' ]
5 info lifecycle github-fetcher-fullstack-v2@1.0.0~prestart: github-fetcher-fullstack-v2@1.0.0
6 silly lifecycle github-fetcher-fullstack-v2@1.0.0~prestart: no script for prestart, continuing
7 info lifecycle github-fetcher-fullstack-v2@1.0.0~start: github-fetcher-fullstack-v2@1.0.0
8 verbose lifecycle github-fetcher-fullstack-v2@1.0.0~start: unsafe-perm in lifecycle true
9 verbose lifecycle github-fetcher-fullstack-v2@1.0.0~start: PATH: /Users/luantran/.nvm/versions/node/v6.15.1/lib/node_modules/npm/bin/node-gyp-bin:/Users/luantran/Documents/MVP/main/node_modules/.bin:/Users/luantran/.nvm/versions/node/v6.15.1/bin:/usr/local/opt/erlang@17/bin:/usr/local/opt/mysql@5.7/bin:../Cellar/python/3.7.1/bin/python3:/Users/luantran/bin:/usr/local/bin:/Users/luantran/Downloads/apache-maven-3.6.0/bin:/usr/local/bin:/usr/bin:/bin:/usr/sbin:/sbin:../Cellar/python/3.7.1/bin/python3:/Library/Frameworks/Mono.framework/Versions/Current/Commands:/usr/local/opt/erlang@17/bin:/usr/local/opt/mysql@5.7/bin:/Users/luantran/bin:/Users/luantran/Downloads/apache-maven-3.6.0/bin
10 verbose lifecycle github-fetcher-fullstack-v2@1.0.0~start: CWD: /Users/luantran/Documents/MVP/main
11 silly lifecycle github-fetcher-fullstack-v2@1.0.0~start: Args: [ '-c', 'node server/index.js' ]
12 silly lifecycle github-fetcher-fullstack-v2@1.0.0~start: Returned: code: 1  signal: null
13 info lifecycle github-fetcher-fullstack-v2@1.0.0~start: Failed to exec start script
14 verbose stack Error: github-fetcher-fullstack-v2@1.0.0 start: `node server/index.js`
14 verbose stack Exit status 1
14 verbose stack     at EventEmitter.<anonymous> (/Users/luantran/.nvm/versions/node/v6.15.1/lib/node_modules/npm/lib/utils/lifecycle.js:255:16)
14 verbose stack     at emitTwo (events.js:106:13)
14 verbose stack     at EventEmitter.emit (events.js:191:7)
14 verbose stack     at ChildProcess.<anonymous> (/Users/luantran/.nvm/versions/node/v6.15.1/lib/node_modules/npm/lib/utils/spawn.js:40:14)
14 verbose stack     at emitTwo (events.js:106:13)
14 verbose stack     at ChildProcess.emit (events.js:191:7)
14 verbose stack     at maybeClose (internal/child_process.js:920:16)
14 verbose stack     at Process.ChildProcess._handle.onexit (internal/child_process.js:230:5)
15 verbose pkgid github-fetcher-fullstack-v2@1.0.0
16 verbose cwd /Users/luantran/Documents/MVP/main
17 error Darwin 18.0.0
18 error argv "/Users/luantran/.nvm/versions/node/v6.15.1/bin/node" "/Users/luantran/.nvm/versions/node/v6.15.1/bin/npm" "start"
19 error node v6.15.1
20 error npm  v3.10.10
21 error code ELIFECYCLE
22 error github-fetcher-fullstack-v2@1.0.0 start: `node server/index.js`
22 error Exit status 1
23 error Failed at the github-fetcher-fullstack-v2@1.0.0 start script 'node server/index.js'.
23 error Make sure you have the latest version of node.js and npm installed.
23 error If you do, this is most likely a problem with the github-fetcher-fullstack-v2 package,
23 error not with npm itself.
23 error Tell the author that this fails on your system:
23 error     node server/index.js
23 error You can get information on how to open an issue for this project with:
23 error     npm bugs github-fetcher-fullstack-v2
23 error Or if that isn't available, you can get their info via:
23 error     npm owner ls github-fetcher-fullstack-v2
23 error There is likely additional logging output above.
24 verbose exit [ 1, true ]
